sample.interval=1000
"stop_if_not" "makeNode" "makeClusterPSOCK" "makeCluster" "ClusterRegistry" "<Anonymous>" "do.call" "ClusterFuture" "MultisessionFuture" "evaluator" "plan_init" "plan_set" "plan" "eval" "eval" "time_evaluation" 
"mdebugf" "makeNode" "makeClusterPSOCK" "makeCluster" "ClusterRegistry" "<Anonymous>" "do.call" "ClusterFuture" "MultisessionFuture" "evaluator" "plan_init" "plan_set" "plan" "eval" "eval" "time_evaluation" 
"stop_if_not" "makeNode" "makeClusterPSOCK" "makeCluster" "ClusterRegistry" "<Anonymous>" "do.call" "ClusterFuture" "MultisessionFuture" "evaluator" "plan_init" "plan_set" "plan" "eval" "eval" "time_evaluation" 
"getOption2" "useWorkerPID" "makeNode" "makeClusterPSOCK" "makeCluster" "ClusterRegistry" "<Anonymous>" "do.call" "ClusterFuture" "MultisessionFuture" "evaluator" "plan_init" "plan_set" "plan" "eval" "eval" "time_evaluation" 
"getOption2" "useWorkerPID" "makeNode" "makeClusterPSOCK" "makeCluster" "ClusterRegistry" "<Anonymous>" "do.call" "ClusterFuture" "MultisessionFuture" "evaluator" "plan_init" "plan_set" "plan" "eval" "eval" "time_evaluation" 
"getOption2" "useWorkerPID" "makeNode" "makeClusterPSOCK" "makeCluster" "ClusterRegistry" "<Anonymous>" "do.call" "ClusterFuture" "MultisessionFuture" "evaluator" "plan_init" "plan_set" "plan" "eval" "eval" "time_evaluation" 
"getOption2" "useWorkerPID" "makeNode" "makeClusterPSOCK" "makeCluster" "ClusterRegistry" "<Anonymous>" "do.call" "ClusterFuture" "MultisessionFuture" "evaluator" "plan_init" "plan_set" "plan" "eval" "eval" "time_evaluation" 
"getOption2" "useWorkerPID" "makeNode" "makeClusterPSOCK" "makeCluster" "ClusterRegistry" "<Anonymous>" "do.call" "ClusterFuture" "MultisessionFuture" "evaluator" "plan_init" "plan_set" "plan" "eval" "eval" "time_evaluation" 
"grep" "makeNode" "makeClusterPSOCK" "makeCluster" "ClusterRegistry" "<Anonymous>" "do.call" "ClusterFuture" "MultisessionFuture" "evaluator" "plan_init" "plan_set" "plan" "eval" "eval" "time_evaluation" 
"system" "makeClusterPSOCK" "makeCluster" "ClusterRegistry" "<Anonymous>" "do.call" "ClusterFuture" "MultisessionFuture" "evaluator" "plan_init" "plan_set" "plan" "eval" "eval" "time_evaluation" 
"system" "makeClusterPSOCK" "makeCluster" "ClusterRegistry" "<Anonymous>" "do.call" "ClusterFuture" "MultisessionFuture" "evaluator" "plan_init" "plan_set" "plan" "eval" "eval" "time_evaluation" 
"system" "makeClusterPSOCK" "makeCluster" "ClusterRegistry" "<Anonymous>" "do.call" "ClusterFuture" "MultisessionFuture" "evaluator" "plan_init" "plan_set" "plan" "eval" "eval" "time_evaluation" 
"system" "makeClusterPSOCK" "makeCluster" "ClusterRegistry" "<Anonymous>" "do.call" "ClusterFuture" "MultisessionFuture" "evaluator" "plan_init" "plan_set" "plan" "eval" "eval" "time_evaluation" 
"system" "makeClusterPSOCK" "makeCluster" "ClusterRegistry" "<Anonymous>" "do.call" "ClusterFuture" "MultisessionFuture" "evaluator" "plan_init" "plan_set" "plan" "eval" "eval" "time_evaluation" 
"socketSelect" "makeClusterPSOCK" "makeCluster" "ClusterRegistry" "<Anonymous>" "do.call" "ClusterFuture" "MultisessionFuture" "evaluator" "plan_init" "plan_set" "plan" "eval" "eval" "time_evaluation" 
"socketSelect" "makeClusterPSOCK" "makeCluster" "ClusterRegistry" "<Anonymous>" "do.call" "ClusterFuture" "MultisessionFuture" "evaluator" "plan_init" "plan_set" "plan" "eval" "eval" "time_evaluation" 
"socketSelect" "makeClusterPSOCK" "makeCluster" "ClusterRegistry" "<Anonymous>" "do.call" "ClusterFuture" "MultisessionFuture" "evaluator" "plan_init" "plan_set" "plan" "eval" "eval" "time_evaluation" 
"socketSelect" "makeClusterPSOCK" "makeCluster" "ClusterRegistry" "<Anonymous>" "do.call" "ClusterFuture" "MultisessionFuture" "evaluator" "plan_init" "plan_set" "plan" "eval" "eval" "time_evaluation" 
"socketSelect" "makeClusterPSOCK" "makeCluster" "ClusterRegistry" "<Anonymous>" "do.call" "ClusterFuture" "MultisessionFuture" "evaluator" "plan_init" "plan_set" "plan" "eval" "eval" "time_evaluation" 
"socketSelect" "makeClusterPSOCK" "makeCluster" "ClusterRegistry" "<Anonymous>" "do.call" "ClusterFuture" "MultisessionFuture" "evaluator" "plan_init" "plan_set" "plan" "eval" "eval" "time_evaluation" 
"socketSelect" "makeClusterPSOCK" "makeCluster" "ClusterRegistry" "<Anonymous>" "do.call" "ClusterFuture" "MultisessionFuture" "evaluator" "plan_init" "plan_set" "plan" "eval" "eval" "time_evaluation" 
"socketSelect" "makeClusterPSOCK" "makeCluster" "ClusterRegistry" "<Anonymous>" "do.call" "ClusterFuture" "MultisessionFuture" "evaluator" "plan_init" "plan_set" "plan" "eval" "eval" "time_evaluation" 
"socketSelect" "makeClusterPSOCK" "makeCluster" "ClusterRegistry" "<Anonymous>" "do.call" "ClusterFuture" "MultisessionFuture" "evaluator" "plan_init" "plan_set" "plan" "eval" "eval" "time_evaluation" 
"socketSelect" "makeClusterPSOCK" "makeCluster" "ClusterRegistry" "<Anonymous>" "do.call" "ClusterFuture" "MultisessionFuture" "evaluator" "plan_init" "plan_set" "plan" "eval" "eval" "time_evaluation" 
"socketSelect" "makeClusterPSOCK" "makeCluster" "ClusterRegistry" "<Anonymous>" "do.call" "ClusterFuture" "MultisessionFuture" "evaluator" "plan_init" "plan_set" "plan" "eval" "eval" "time_evaluation" 
"socketSelect" "makeClusterPSOCK" "makeCluster" "ClusterRegistry" "<Anonymous>" "do.call" "ClusterFuture" "MultisessionFuture" "evaluator" "plan_init" "plan_set" "plan" "eval" "eval" "time_evaluation" 
"socketSelect" "makeClusterPSOCK" "makeCluster" "ClusterRegistry" "<Anonymous>" "do.call" "ClusterFuture" "MultisessionFuture" "evaluator" "plan_init" "plan_set" "plan" "eval" "eval" "time_evaluation" 
"socketSelect" "makeClusterPSOCK" "makeCluster" "ClusterRegistry" "<Anonymous>" "do.call" "ClusterFuture" "MultisessionFuture" "evaluator" "plan_init" "plan_set" "plan" "eval" "eval" "time_evaluation" 
"socketSelect" "makeClusterPSOCK" "makeCluster" "ClusterRegistry" "<Anonymous>" "do.call" "ClusterFuture" "MultisessionFuture" "evaluator" "plan_init" "plan_set" "plan" "eval" "eval" "time_evaluation" 
"socketSelect" "makeClusterPSOCK" "makeCluster" "ClusterRegistry" "<Anonymous>" "do.call" "ClusterFuture" "MultisessionFuture" "evaluator" "plan_init" "plan_set" "plan" "eval" "eval" "time_evaluation" 
"socketSelect" "makeClusterPSOCK" "makeCluster" "ClusterRegistry" "<Anonymous>" "do.call" "ClusterFuture" "MultisessionFuture" "evaluator" "plan_init" "plan_set" "plan" "eval" "eval" "time_evaluation" 
"socketSelect" "makeClusterPSOCK" "makeCluster" "ClusterRegistry" "<Anonymous>" "do.call" "ClusterFuture" "MultisessionFuture" "evaluator" "plan_init" "plan_set" "plan" "eval" "eval" "time_evaluation" 
"socketSelect" "makeClusterPSOCK" "makeCluster" "ClusterRegistry" "<Anonymous>" "do.call" "ClusterFuture" "MultisessionFuture" "evaluator" "plan_init" "plan_set" "plan" "eval" "eval" "time_evaluation" 
"socketSelect" "makeClusterPSOCK" "makeCluster" "ClusterRegistry" "<Anonymous>" "do.call" "ClusterFuture" "MultisessionFuture" "evaluator" "plan_init" "plan_set" "plan" "eval" "eval" "time_evaluation" 
"socketSelect" "makeClusterPSOCK" "makeCluster" "ClusterRegistry" "<Anonymous>" "do.call" "ClusterFuture" "MultisessionFuture" "evaluator" "plan_init" "plan_set" "plan" "eval" "eval" "time_evaluation" 
"socketSelect" "makeClusterPSOCK" "makeCluster" "ClusterRegistry" "<Anonymous>" "do.call" "ClusterFuture" "MultisessionFuture" "evaluator" "plan_init" "plan_set" "plan" "eval" "eval" "time_evaluation" 
"socketSelect" "makeClusterPSOCK" "makeCluster" "ClusterRegistry" "<Anonymous>" "do.call" "ClusterFuture" "MultisessionFuture" "evaluator" "plan_init" "plan_set" "plan" "eval" "eval" "time_evaluation" 
"socketSelect" "makeClusterPSOCK" "makeCluster" "ClusterRegistry" "<Anonymous>" "do.call" "ClusterFuture" "MultisessionFuture" "evaluator" "plan_init" "plan_set" "plan" "eval" "eval" "time_evaluation" 
"socketSelect" "makeClusterPSOCK" "makeCluster" "ClusterRegistry" "<Anonymous>" "do.call" "ClusterFuture" "MultisessionFuture" "evaluator" "plan_init" "plan_set" "plan" "eval" "eval" "time_evaluation" 
"socketSelect" "makeClusterPSOCK" "makeCluster" "ClusterRegistry" "<Anonymous>" "do.call" "ClusterFuture" "MultisessionFuture" "evaluator" "plan_init" "plan_set" "plan" "eval" "eval" "time_evaluation" 
"socketSelect" "makeClusterPSOCK" "makeCluster" "ClusterRegistry" "<Anonymous>" "do.call" "ClusterFuture" "MultisessionFuture" "evaluator" "plan_init" "plan_set" "plan" "eval" "eval" "time_evaluation" 
"socketSelect" "makeClusterPSOCK" "makeCluster" "ClusterRegistry" "<Anonymous>" "do.call" "ClusterFuture" "MultisessionFuture" "evaluator" "plan_init" "plan_set" "plan" "eval" "eval" "time_evaluation" 
"socketSelect" "makeClusterPSOCK" "makeCluster" "ClusterRegistry" "<Anonymous>" "do.call" "ClusterFuture" "MultisessionFuture" "evaluator" "plan_init" "plan_set" "plan" "eval" "eval" "time_evaluation" 
"socketSelect" "makeClusterPSOCK" "makeCluster" "ClusterRegistry" "<Anonymous>" "do.call" "ClusterFuture" "MultisessionFuture" "evaluator" "plan_init" "plan_set" "plan" "eval" "eval" "time_evaluation" 
"socketSelect" "makeClusterPSOCK" "makeCluster" "ClusterRegistry" "<Anonymous>" "do.call" "ClusterFuture" "MultisessionFuture" "evaluator" "plan_init" "plan_set" "plan" "eval" "eval" "time_evaluation" 
"socketSelect" "makeClusterPSOCK" "makeCluster" "ClusterRegistry" "<Anonymous>" "do.call" "ClusterFuture" "MultisessionFuture" "evaluator" "plan_init" "plan_set" "plan" "eval" "eval" "time_evaluation" 
"socketSelect" "makeClusterPSOCK" "makeCluster" "ClusterRegistry" "<Anonymous>" "do.call" "ClusterFuture" "MultisessionFuture" "evaluator" "plan_init" "plan_set" "plan" "eval" "eval" "time_evaluation" 
"socketSelect" "makeClusterPSOCK" "makeCluster" "ClusterRegistry" "<Anonymous>" "do.call" "ClusterFuture" "MultisessionFuture" "evaluator" "plan_init" "plan_set" "plan" "eval" "eval" "time_evaluation" 
"socketSelect" "makeClusterPSOCK" "makeCluster" "ClusterRegistry" "<Anonymous>" "do.call" "ClusterFuture" "MultisessionFuture" "evaluator" "plan_init" "plan_set" "plan" "eval" "eval" "time_evaluation" 
"socketSelect" "makeClusterPSOCK" "makeCluster" "ClusterRegistry" "<Anonymous>" "do.call" "ClusterFuture" "MultisessionFuture" "evaluator" "plan_init" "plan_set" "plan" "eval" "eval" "time_evaluation" 
"socketSelect" "makeClusterPSOCK" "makeCluster" "ClusterRegistry" "<Anonymous>" "do.call" "ClusterFuture" "MultisessionFuture" "evaluator" "plan_init" "plan_set" "plan" "eval" "eval" "time_evaluation" 
"socketSelect" "makeClusterPSOCK" "makeCluster" "ClusterRegistry" "<Anonymous>" "do.call" "ClusterFuture" "MultisessionFuture" "evaluator" "plan_init" "plan_set" "plan" "eval" "eval" "time_evaluation" 
"serialize" "digest" "<Anonymous>" "do.call" "ClusterFuture" "MultisessionFuture" "evaluator" "plan_init" "plan_set" "plan" "eval" "eval" "time_evaluation" 
"serialize" "digest" "<Anonymous>" "do.call" "ClusterFuture" "MultisessionFuture" "evaluator" "plan_init" "plan_set" "plan" "eval" "eval" "time_evaluation" 
"serialize" "digest" "<Anonymous>" "do.call" "ClusterFuture" "MultisessionFuture" "evaluator" "plan_init" "plan_set" "plan" "eval" "eval" "time_evaluation" 
"serialize" "digest" "<Anonymous>" "do.call" "ClusterFuture" "MultisessionFuture" "evaluator" "plan_init" "plan_set" "plan" "eval" "eval" "time_evaluation" 
"unserialize" "recvData.SOCK0node" "recvData" "FUN" "lapply" "checkForRemoteErrors" "clusterCall" "doTryCatch" "tryCatchOne" "tryCatchList" "tryCatch" "cluster_call" "run.ClusterFuture" "run" "evaluator" "plan_init" "plan_set" "plan" "eval" "eval" "time_evaluation" 
"unserialize" "recvData.SOCK0node" "recvData" "FUN" "lapply" "checkForRemoteErrors" "clusterCall" "doTryCatch" "tryCatchOne" "tryCatchList" "tryCatch" "cluster_call" "run.ClusterFuture" "run" "evaluator" "plan_init" "plan_set" "plan" "eval" "eval" "time_evaluation" 
"unserialize" "recvData.SOCK0node" "recvData" "FUN" "lapply" "checkForRemoteErrors" "clusterCall" "doTryCatch" "tryCatchOne" "tryCatchList" "tryCatch" "cluster_call" "run.ClusterFuture" "run" "evaluator" "plan_init" "plan_set" "plan" "eval" "eval" "time_evaluation" 
"unserialize" "recvData.SOCK0node" "recvData" "FUN" "lapply" "checkForRemoteErrors" "clusterCall" "doTryCatch" "tryCatchOne" "tryCatchList" "tryCatch" "cluster_call" "run.ClusterFuture" "run" "evaluator" "plan_init" "plan_set" "plan" "eval" "eval" "time_evaluation" 
"unserialize" "recvData.SOCK0node" "recvData" "FUN" "lapply" "checkForRemoteErrors" "clusterCall" "doTryCatch" "tryCatchOne" "tryCatchList" "tryCatch" "cluster_call" "run.ClusterFuture" "run" "evaluator" "plan_init" "plan_set" "plan" "eval" "eval" "time_evaluation" 
"unserialize" "recvData.SOCK0node" "recvData" "FUN" "lapply" "checkForRemoteErrors" "clusterCall" "doTryCatch" "tryCatchOne" "tryCatchList" "tryCatch" "cluster_call" "run.ClusterFuture" "run" "evaluator" "plan_init" "plan_set" "plan" "eval" "eval" "time_evaluation" 
"unserialize" "recvData.SOCK0node" "recvData" "FUN" "lapply" "checkForRemoteErrors" "clusterCall" "doTryCatch" "tryCatchOne" "tryCatchList" "tryCatch" "cluster_call" "run.ClusterFuture" "run" "evaluator" "plan_init" "plan_set" "plan" "eval" "eval" "time_evaluation" 
"unserialize" "recvData.SOCK0node" "recvData" "FUN" "lapply" "checkForRemoteErrors" "clusterCall" "doTryCatch" "tryCatchOne" "tryCatchList" "tryCatch" "cluster_call" "run.ClusterFuture" "run" "evaluator" "plan_init" "plan_set" "plan" "eval" "eval" "time_evaluation" 
"unserialize" "recvData.SOCK0node" "recvData" "FUN" "lapply" "checkForRemoteErrors" "clusterCall" "doTryCatch" "tryCatchOne" "tryCatchList" "tryCatch" "cluster_call" "run.ClusterFuture" "run" "evaluator" "plan_init" "plan_set" "plan" "eval" "eval" "time_evaluation" 
"unserialize" "recvData.SOCK0node" "recvData" "FUN" "lapply" "checkForRemoteErrors" "clusterCall" "doTryCatch" "tryCatchOne" "tryCatchList" "tryCatch" "cluster_call" "run.ClusterFuture" "run" "evaluator" "plan_init" "plan_set" "plan" "eval" "eval" "time_evaluation" 
"unserialize" "recvData.SOCK0node" "recvData" "recvResult" "doTryCatch" "tryCatchOne" "tryCatchList" "tryCatch" "receiveMessageFromWorker" "result.ClusterFuture" "result" "value.Future" "value" "doTryCatch" "tryCatchOne" "tryCatchList" "tryCatch" "plan_init" "plan_set" "plan" "eval" "eval" "time_evaluation" 
"unserialize" "recvData.SOCK0node" "recvData" "recvResult" "doTryCatch" "tryCatchOne" "tryCatchList" "tryCatch" "receiveMessageFromWorker" "result.ClusterFuture" "result" "value.Future" "value" "doTryCatch" "tryCatchOne" "tryCatchList" "tryCatch" "plan_init" "plan_set" "plan" "eval" "eval" "time_evaluation" 
"unserialize" "recvData.SOCK0node" "recvData" "recvResult" "doTryCatch" "tryCatchOne" "tryCatchList" "tryCatch" "receiveMessageFromWorker" "result.ClusterFuture" "result" "value.Future" "value" "doTryCatch" "tryCatchOne" "tryCatchList" "tryCatch" "plan_init" "plan_set" "plan" "eval" "eval" "time_evaluation" 
"unserialize" "recvData.SOCK0node" "recvData" "recvResult" "doTryCatch" "tryCatchOne" "tryCatchList" "tryCatch" "receiveMessageFromWorker" "result.ClusterFuture" "result" "value.Future" "value" "doTryCatch" "tryCatchOne" "tryCatchList" "tryCatch" "plan_init" "plan_set" "plan" "eval" "eval" "time_evaluation" 
"serialize" "digest" "<Anonymous>" "do.call" "ClusterFuture" "MultisessionFuture" "<Anonymous>" "do.call" "run.Future" "run" "<Anonymous>" "do.call" "futureAssign" "futureAssignInternal" "%<-%" "eval" "eval" "time_evaluation" 
"serialize" "digest" "<Anonymous>" "do.call" "ClusterFuture" "MultisessionFuture" "<Anonymous>" "do.call" "run.Future" "run" "<Anonymous>" "do.call" "futureAssign" "futureAssignInternal" "%<-%" "eval" "eval" "time_evaluation" 
"serialize" "digest" "<Anonymous>" "do.call" "ClusterFuture" "MultisessionFuture" "<Anonymous>" "do.call" "run.Future" "run" "<Anonymous>" "do.call" "futureAssign" "futureAssignInternal" "%<-%" "eval" "eval" "time_evaluation" 
"serialize" "digest" "<Anonymous>" "do.call" "ClusterFuture" "MultisessionFuture" "<Anonymous>" "do.call" "run.Future" "run" "<Anonymous>" "do.call" "futureAssign" "futureAssignInternal" "%<-%" "eval" "eval" "time_evaluation" 
"serialize" "digest" "<Anonymous>" "do.call" "ClusterFuture" "MultisessionFuture" "<Anonymous>" "do.call" "run.Future" "run" "<Anonymous>" "do.call" "futureAssign" "futureAssignInternal" "%<-%" "eval" "eval" "time_evaluation" 
"serialize" "digest" "<Anonymous>" "do.call" "ClusterFuture" "MultisessionFuture" "<Anonymous>" "do.call" "run.Future" "run" "<Anonymous>" "do.call" "futureAssign" "futureAssignInternal" "%<-%" "eval" "eval" "time_evaluation" 
"serialize" "digest" "<Anonymous>" "do.call" "ClusterFuture" "MultisessionFuture" "<Anonymous>" "do.call" "run.Future" "run" "<Anonymous>" "do.call" "futureAssign" "futureAssignInternal" "%<-%" "eval" "eval" "time_evaluation" 
"serialize" "digest" "<Anonymous>" "do.call" "ClusterFuture" "MultisessionFuture" "<Anonymous>" "do.call" "run.Future" "run" "<Anonymous>" "do.call" "futureAssign" "futureAssignInternal" "%<-%" "eval" "eval" "time_evaluation" 
"unserialize" "recvData.SOCK0node" "recvData" "FUN" "lapply" "checkForRemoteErrors" "clusterCall" "doTryCatch" "tryCatchOne" "tryCatchList" "tryCatch" "cluster_call" "run.ClusterFuture" "run" "run.Future" "run" "<Anonymous>" "do.call" "futureAssign" "futureAssignInternal" "%<-%" "eval" "eval" "time_evaluation" 
"unserialize" "recvData.SOCK0node" "recvData" "FUN" "lapply" "checkForRemoteErrors" "clusterCall" "doTryCatch" "tryCatchOne" "tryCatchList" "tryCatch" "cluster_call" "run.ClusterFuture" "run" "run.Future" "run" "<Anonymous>" "do.call" "futureAssign" "futureAssignInternal" "%<-%" "eval" "eval" "time_evaluation" 
"unserialize" "recvData.SOCK0node" "recvData" "FUN" "lapply" "checkForRemoteErrors" "clusterCall" "doTryCatch" "tryCatchOne" "tryCatchList" "tryCatch" "cluster_call" "run.ClusterFuture" "run" "run.Future" "run" "<Anonymous>" "do.call" "futureAssign" "futureAssignInternal" "%<-%" "eval" "eval" "time_evaluation" 
"unserialize" "recvData.SOCK0node" "recvData" "FUN" "lapply" "checkForRemoteErrors" "clusterCall" "doTryCatch" "tryCatchOne" "tryCatchList" "tryCatch" "cluster_call" "run.ClusterFuture" "run" "run.Future" "run" "<Anonymous>" "do.call" "futureAssign" "futureAssignInternal" "%<-%" "eval" "eval" "time_evaluation" 
"unserialize" "recvData.SOCK0node" "recvData" "FUN" "lapply" "checkForRemoteErrors" "clusterCall" "doTryCatch" "tryCatchOne" "tryCatchList" "tryCatch" "cluster_call" "run.ClusterFuture" "run" "run.Future" "run" "<Anonymous>" "do.call" "futureAssign" "futureAssignInternal" "%<-%" "eval" "eval" "time_evaluation" 
"unserialize" "recvData.SOCK0node" "recvData" "FUN" "lapply" "checkForRemoteErrors" "clusterCall" "doTryCatch" "tryCatchOne" "tryCatchList" "tryCatch" "cluster_call" "run.ClusterFuture" "run" "run.Future" "run" "<Anonymous>" "do.call" "futureAssign" "futureAssignInternal" "%<-%" "eval" "eval" "time_evaluation" 
"unserialize" "recvData.SOCK0node" "recvData" "FUN" "lapply" "checkForRemoteErrors" "clusterCall" "doTryCatch" "tryCatchOne" "tryCatchList" "tryCatch" "cluster_call" "run.ClusterFuture" "run" "run.Future" "run" "<Anonymous>" "do.call" "futureAssign" "futureAssignInternal" "%<-%" "eval" "eval" "time_evaluation" 
"unserialize" "recvData.SOCK0node" "recvData" "FUN" "lapply" "checkForRemoteErrors" "clusterCall" "doTryCatch" "tryCatchOne" "tryCatchList" "tryCatch" "cluster_call" "run.ClusterFuture" "run" "run.Future" "run" "<Anonymous>" "do.call" "futureAssign" "futureAssignInternal" "%<-%" "eval" "eval" "time_evaluation" 
